This file contains any messages produced by compilers while
running configure, to aid debugging if configure makes a mistake.

It was created by [Pool Allocation] configure [1.0], which was
generated by GNU Autoconf 2.59.  Invocation command line was

  $ ./configure --with-llvmsrc=/Users/yangzx/llvm-dsa/ --with-llvmobj=/Volumes/llvm/build/

## --------- ##
## Platform. ##
## --------- ##

hostname = yangzx-air
uname -m = x86_64
uname -r = 15.6.0
uname -s = Darwin
uname -v = Darwin Kernel Version 15.6.0: Thu Sep  1 15:01:16 PDT 2016; root:xnu-3248.60.11~2/RELEASE_X86_64

/usr/bin/uname -p = i386
/bin/uname -X     = unknown

/bin/arch              = unknown
/usr/bin/arch -k       = unknown
/usr/convex/getsysinfo = unknown
hostinfo               = Mach kernel version:
	 Darwin Kernel Version 15.6.0: Thu Sep  1 15:01:16 PDT 2016; root:xnu-3248.60.11~2/RELEASE_X86_64
Kernel configured for up to 4 processors.
2 processors are physically available.
4 processors are logically available.
Processor type: x86_64h (Intel x86-64h Haswell)
Processors active: 0 1 2 3
Primary memory available: 8.00 gigabytes
Default processor set: 274 tasks, 1875 threads, 4 processors
Load average: 1.51, Mach factor: 2.48
/bin/machine           = unknown
/usr/bin/oslevel       = unknown
/bin/universe          = unknown

PATH: /Users/yangzx/x-tools/arm-josarm-eabi/bin
PATH: /Users/yangzx/.cabal/bin
PATH: /Users/yangzx/opt/cross/bin
PATH: /usr/local/opt/llvm/bin
PATH: /usr/local/bin
PATH: /usr/bin
PATH: /bin
PATH: /usr/sbin
PATH: /sbin
PATH: /opt/X11/bin
PATH: /Applications/Racket v6.1.1/bin


## ----------- ##
## Core tests. ##
## ----------- ##

configure:1444: checking for gcc
configure:1460: found /usr/bin/gcc
configure:1470: result: gcc
configure:1714: checking for C compiler version
configure:1717: gcc --version </dev/null >&5
Configured with: --prefix=/Library/Developer/CommandLineTools/usr --with-gxx-include-dir=/usr/include/c++/4.2.1
Apple LLVM version 8.0.0 (clang-800.0.42.1)
Target: x86_64-apple-darwin15.6.0
Thread model: posix
InstalledDir: /Library/Developer/CommandLineTools/usr/bin
configure:1720: $? = 0
configure:1722: gcc -v </dev/null >&5
Configured with: --prefix=/Library/Developer/CommandLineTools/usr --with-gxx-include-dir=/usr/include/c++/4.2.1
Apple LLVM version 8.0.0 (clang-800.0.42.1)
Target: x86_64-apple-darwin15.6.0
Thread model: posix
InstalledDir: /Library/Developer/CommandLineTools/usr/bin
configure:1725: $? = 0
configure:1727: gcc -V </dev/null >&5
clang: error: argument to '-V' is missing (expected 1 value)
clang: error: no input files
configure:1730: $? = 1
configure:1753: checking for C compiler default output file name
configure:1756: gcc    conftest.c  >&5
configure:1759: $? = 0
configure:1805: result: a.out
configure:1810: checking whether the C compiler works
configure:1816: ./a.out
configure:1819: $? = 0
configure:1836: result: yes
configure:1843: checking whether we are cross compiling
configure:1845: result: no
configure:1848: checking for suffix of executables
configure:1850: gcc -o conftest    conftest.c  >&5
configure:1853: $? = 0
configure:1878: result: 
configure:1884: checking for suffix of object files
configure:1905: gcc -c   conftest.c >&5
configure:1908: $? = 0
configure:1930: result: o
configure:1934: checking whether we are using the GNU C compiler
configure:1958: gcc -c   conftest.c >&5
configure:1964: $? = 0
configure:1968: test -z 
			 || test ! -s conftest.err
configure:1971: $? = 0
configure:1974: test -s conftest.o
configure:1977: $? = 0
configure:1990: result: yes
configure:1996: checking whether gcc accepts -g
configure:2017: gcc -c -g  conftest.c >&5
configure:2023: $? = 0
configure:2027: test -z 
			 || test ! -s conftest.err
configure:2030: $? = 0
configure:2033: test -s conftest.o
configure:2036: $? = 0
configure:2047: result: yes
configure:2064: checking for gcc option to accept ANSI C
configure:2134: gcc  -c -g -O2  conftest.c >&5
configure:2140: $? = 0
configure:2144: test -z 
			 || test ! -s conftest.err
configure:2147: $? = 0
configure:2150: test -s conftest.o
configure:2153: $? = 0
configure:2171: result: none needed
configure:2189: gcc -c -g -O2  conftest.c >&5
conftest.c:2:3: error: unknown type name 'choke'
  choke me
  ^
conftest.c:2:11: error: expected ';' after top level declarator
  choke me
          ^
          ;
2 errors generated.
configure:2195: $? = 1
configure: failed program was:
| #ifndef __cplusplus
|   choke me
| #endif
configure:2329: checking for MAP_ANONYMOUS vs. MAP_ANON
configure:2358: gcc -c -g -O2  conftest.c >&5
configure:2364: $? = 0
configure:2368: test -z 
			 || test ! -s conftest.err
configure:2371: $? = 0
configure:2374: test -s conftest.o
configure:2377: $? = 0
configure:2395: result: yes
configure:2410: checking how to run the C preprocessor
configure:2445: gcc -E  conftest.c
configure:2451: $? = 0
configure:2483: gcc -E  conftest.c
conftest.c:10:10: fatal error: 'ac_nonexistent.h' file not found
#include <ac_nonexistent.h>
         ^
1 error generated.
configure:2489: $? = 1
configure: failed program was:
| /* confdefs.h.  */
| 
| #define PACKAGE_NAME "[Pool Allocation]"
| #define PACKAGE_TARNAME "--pool-allocation--"
| #define PACKAGE_VERSION "[1.0]"
| #define PACKAGE_STRING "[Pool Allocation] [1.0]"
| #define PACKAGE_BUGREPORT "llvmbugs@cs.uiuc.edu"
| #define HAVE_MMAP_ANONYMOUS 1
| /* end confdefs.h.  */
| #include <ac_nonexistent.h>
configure:2528: result: gcc -E
configure:2552: gcc -E  conftest.c
configure:2558: $? = 0
configure:2590: gcc -E  conftest.c
conftest.c:10:10: fatal error: 'ac_nonexistent.h' file not found
#include <ac_nonexistent.h>
         ^
1 error generated.
configure:2596: $? = 1
configure: failed program was:
| /* confdefs.h.  */
| 
| #define PACKAGE_NAME "[Pool Allocation]"
| #define PACKAGE_TARNAME "--pool-allocation--"
| #define PACKAGE_VERSION "[1.0]"
| #define PACKAGE_STRING "[Pool Allocation] [1.0]"
| #define PACKAGE_BUGREPORT "llvmbugs@cs.uiuc.edu"
| #define HAVE_MMAP_ANONYMOUS 1
| /* end confdefs.h.  */
| #include <ac_nonexistent.h>
configure:2640: checking for egrep
configure:2650: result: grep -E
configure:2655: checking whether stat file-mode macros are broken
configure:2703: result: no
configure:2713: checking for ANSI C header files
configure:2738: gcc -c -g -O2  conftest.c >&5
configure:2744: $? = 0
configure:2748: test -z 
			 || test ! -s conftest.err
configure:2751: $? = 0
configure:2754: test -s conftest.o
configure:2757: $? = 0
configure:2846: gcc -o conftest -g -O2   conftest.c  >&5
conftest.c:27:7: warning: implicitly declaring library function 'exit' with type 'void (int) __attribute__((noreturn))' [-Wimplicit-function-declaration]
      exit(2);
      ^
conftest.c:27:7: note: include the header <stdlib.h> or explicitly provide a declaration for 'exit'
1 warning generated.
configure:2849: $? = 0
configure:2851: ./conftest
configure:2854: $? = 0
configure:2869: result: yes
configure:2893: checking for sys/types.h
configure:2909: gcc -c -g -O2  conftest.c >&5
configure:2915: $? = 0
configure:2919: test -z 
			 || test ! -s conftest.err
configure:2922: $? = 0
configure:2925: test -s conftest.o
configure:2928: $? = 0
configure:2939: result: yes
configure:2893: checking for sys/stat.h
configure:2909: gcc -c -g -O2  conftest.c >&5
configure:2915: $? = 0
configure:2919: test -z 
			 || test ! -s conftest.err
configure:2922: $? = 0
configure:2925: test -s conftest.o
configure:2928: $? = 0
configure:2939: result: yes
configure:2893: checking for stdlib.h
configure:2909: gcc -c -g -O2  conftest.c >&5
configure:2915: $? = 0
configure:2919: test -z 
			 || test ! -s conftest.err
configure:2922: $? = 0
configure:2925: test -s conftest.o
configure:2928: $? = 0
configure:2939: result: yes
configure:2893: checking for string.h
configure:2909: gcc -c -g -O2  conftest.c >&5
configure:2915: $? = 0
configure:2919: test -z 
			 || test ! -s conftest.err
configure:2922: $? = 0
configure:2925: test -s conftest.o
configure:2928: $? = 0
configure:2939: result: yes
configure:2893: checking for memory.h
configure:2909: gcc -c -g -O2  conftest.c >&5
configure:2915: $? = 0
configure:2919: test -z 
			 || test ! -s conftest.err
configure:2922: $? = 0
configure:2925: test -s conftest.o
configure:2928: $? = 0
configure:2939: result: yes
configure:2893: checking for strings.h
configure:2909: gcc -c -g -O2  conftest.c >&5
configure:2915: $? = 0
configure:2919: test -z 
			 || test ! -s conftest.err
configure:2922: $? = 0
configure:2925: test -s conftest.o
configure:2928: $? = 0
configure:2939: result: yes
configure:2893: checking for inttypes.h
configure:2909: gcc -c -g -O2  conftest.c >&5
configure:2915: $? = 0
configure:2919: test -z 
			 || test ! -s conftest.err
configure:2922: $? = 0
configure:2925: test -s conftest.o
configure:2928: $? = 0
configure:2939: result: yes
configure:2893: checking for stdint.h
configure:2909: gcc -c -g -O2  conftest.c >&5
configure:2915: $? = 0
configure:2919: test -z 
			 || test ! -s conftest.err
configure:2922: $? = 0
configure:2925: test -s conftest.o
configure:2928: $? = 0
configure:2939: result: yes
configure:2893: checking for unistd.h
configure:2909: gcc -c -g -O2  conftest.c >&5
configure:2915: $? = 0
configure:2919: test -z 
			 || test ! -s conftest.err
configure:2922: $? = 0
configure:2925: test -s conftest.o
configure:2928: $? = 0
configure:2939: result: yes
configure:2966: checking fcntl.h usability
configure:2978: gcc -c -g -O2  conftest.c >&5
configure:2984: $? = 0
configure:2988: test -z 
			 || test ! -s conftest.err
configure:2991: $? = 0
configure:2994: test -s conftest.o
configure:2997: $? = 0
configure:3007: result: yes
configure:3011: checking fcntl.h presence
configure:3021: gcc -E  conftest.c

## ---------------- ##
## Cache variables. ##
## ---------------- ##

ac_cv_c_compiler_gnu=yes
ac_cv_env_CC_set=
ac_cv_env_CC_value=
ac_cv_env_CFLAGS_set=
ac_cv_env_CFLAGS_value=
ac_cv_env_CPPFLAGS_set=
ac_cv_env_CPPFLAGS_value=
ac_cv_env_CPP_set=
ac_cv_env_CPP_value=
ac_cv_env_LDFLAGS_set=
ac_cv_env_LDFLAGS_value=
ac_cv_env_build_alias_set=
ac_cv_env_build_alias_value=
ac_cv_env_host_alias_set=
ac_cv_env_host_alias_value=
ac_cv_env_target_alias_set=
ac_cv_env_target_alias_value=
ac_cv_exeext=
ac_cv_header_inttypes_h=yes
ac_cv_header_memory_h=yes
ac_cv_header_mmap_anon=yes
ac_cv_header_stat_broken=no
ac_cv_header_stdc=yes
ac_cv_header_stdint_h=yes
ac_cv_header_stdlib_h=yes
ac_cv_header_string_h=yes
ac_cv_header_strings_h=yes
ac_cv_header_sys_stat_h=yes
ac_cv_header_sys_types_h=yes
ac_cv_header_unistd_h=yes
ac_cv_objext=o
ac_cv_prog_CPP='gcc -E'
ac_cv_prog_ac_ct_CC=gcc
ac_cv_prog_cc_g=yes
ac_cv_prog_cc_stdc=
ac_cv_prog_egrep='grep -E'

## ----------------- ##
## Output variables. ##
## ----------------- ##

CC='gcc'
CFLAGS='-g -O2'
CPP='gcc -E'
CPPFLAGS=''
DEFS=''
ECHO_C='ECHO_N=''
ECHO_T=''
EGREP='grep -E'
EXEEXT=''
LDFLAGS=''
LIBOBJS=''
LIBS=''
LLVM_OBJ='/Volumes/llvm/build/'
LLVM_SRC='/Users/yangzx/llvm-dsa/'
LTLIBOBJS=''
MMAP_FILE=''
OBJEXT='o'
PACKAGE_BUGREPORT='llvmbugs@cs.uiuc.edu'
PACKAGE_NAME='[Pool Allocation]'
PACKAGE_STRING='[Pool Allocation] [1.0]'
PACKAGE_TARNAME='--pool-allocation--'
PACKAGE_VERSION='[1.0]'
PATH_SEPARATOR=':'
SHELL='/bin/sh'
ac_ct_CC='gcc'
bindir='${exec_prefix}/bin'
build_alias=''
datadir='${prefix}/share'
exec_prefix='NONE'
host_alias=''
includedir='${prefix}/include'
infodir='${prefix}/info'
libdir='${exec_prefix}/lib'
libexecdir='${exec_prefix}/libexec'
localstatedir='${prefix}/var'
mandir='${prefix}/man'
oldincludedir='/usr/include'
prefix='NONE'
program_transform_name='s,x,x,'
sbindir='${exec_prefix}/sbin'
sharedstatedir='${prefix}/com'
sysconfdir='${prefix}/etc'
target_alias=''

## ----------- ##
## confdefs.h. ##
## ----------- ##

#define HAVE_INTTYPES_H 1
#define HAVE_MEMORY_H 1
#define HAVE_MMAP_ANONYMOUS 1
#define HAVE_STDINT_H 1
#define HAVE_STDLIB_H 1
#define HAVE_STRINGS_H 1
#define HAVE_STRING_H 1
#define HAVE_SYS_STAT_H 1
#define HAVE_SYS_TYPES_H 1
#define HAVE_UNISTD_H 1
#define PACKAGE_BUGREPORT "llvmbugs@cs.uiuc.edu"
#define PACKAGE_NAME "[Pool Allocation]"
#define PACKAGE_STRING "[Pool Allocation] [1.0]"
#define PACKAGE_TARNAME "--pool-allocation--"
#define PACKAGE_VERSION "[1.0]"
#define STDC_HEADERS 1

configure: caught signal 2
configure: exit 1
